2020-03-03 00:00:23.863  INFO 29645 --- [SpringContextShutdownHook] o.s.s.concurrent.ThreadPoolTaskExecutor  : Shutting down ExecutorService 'applicationTaskExecutor'
2020-03-03 00:00:23.879  INFO 29645 --- [SpringContextShutdownHook] j.LocalContainerEntityManagerFactoryBean : Closing JPA EntityManagerFactory for persistence unit 'default'
2020-03-03 00:00:23.882  INFO 29645 --- [SpringContextShutdownHook] com.zaxxer.hikari.HikariDataSource       : HikariPool-1 - Shutdown initiated...
2020-03-03 00:00:23.909  INFO 29645 --- [SpringContextShutdownHook] com.zaxxer.hikari.HikariDataSource       : HikariPool-1 - Shutdown completed.
2020-03-03 00:00:29.151  INFO 31978 --- [main] b.c.j.s.s.SpringSandboxApplicationKt     : Starting SpringSandboxApplicationKt on jose-PC with PID 31978 (/home/jose/Sandbox/spring/build/classes/kotlin/main started by jose in /home/jose/Sandbox/spring)
2020-03-03 00:00:29.153 DEBUG 31978 --- [main] b.c.j.s.s.SpringSandboxApplicationKt     : Running with Spring Boot v2.2.3.RELEASE, Spring v5.2.3.RELEASE
2020-03-03 00:00:29.154  INFO 31978 --- [main] b.c.j.s.s.SpringSandboxApplicationKt     : No active profile set, falling back to default profiles: default
2020-03-03 00:00:30.055  INFO 31978 --- [main] .s.d.r.c.RepositoryConfigurationDelegate : Bootstrapping Spring Data JPA repositories in DEFAULT mode.
2020-03-03 00:00:30.139  INFO 31978 --- [main] .s.d.r.c.RepositoryConfigurationDelegate : Finished Spring Data repository scanning in 76ms. Found 2 JPA repository interfaces.
2020-03-03 00:00:30.496  INFO 31978 --- [main] trationDelegate$BeanPostProcessorChecker : Bean 'org.springframework.transaction.annotation.ProxyTransactionManagementConfiguration' of type [org.springframework.transaction.annotation.ProxyTransactionManagementConfiguration] is not eligible for getting processed by all BeanPostProcessors (for example: not eligible for auto-proxying)
2020-03-03 00:00:30.743  INFO 31978 --- [main] o.s.b.w.embedded.tomcat.TomcatWebServer  : Tomcat initialized with port(s): 8080 (http)
2020-03-03 00:00:30.753  INFO 31978 --- [main] o.apache.catalina.core.StandardService   : Starting service [Tomcat]
2020-03-03 00:00:30.754  INFO 31978 --- [main] org.apache.catalina.core.StandardEngine  : Starting Servlet engine: [Apache Tomcat/9.0.30]
2020-03-03 00:00:30.831  INFO 31978 --- [main] o.a.c.c.C.[Tomcat].[localhost].[/]       : Initializing Spring embedded WebApplicationContext
2020-03-03 00:00:30.832  INFO 31978 --- [main] o.s.web.context.ContextLoader            : Root WebApplicationContext: initialization completed in 1621 ms
2020-03-03 00:00:31.236  INFO 31978 --- [main] com.zaxxer.hikari.HikariDataSource       : HikariPool-1 - Starting...
2020-03-03 00:00:31.491  INFO 31978 --- [main] com.zaxxer.hikari.HikariDataSource       : HikariPool-1 - Start completed.
2020-03-03 00:00:32.052  INFO 31978 --- [main] j.LocalContainerEntityManagerFactoryBean : Initialized JPA EntityManagerFactory for persistence unit 'default'
2020-03-03 00:00:32.658  WARN 31978 --- [main] JpaBaseConfiguration$JpaWebConfiguration : spring.jpa.open-in-view is enabled by default. Therefore, database queries may be performed during view rendering. Explicitly configure spring.jpa.open-in-view to disable this warning
2020-03-03 00:00:32.779  INFO 31978 --- [main] o.s.s.web.DefaultSecurityFilterChain     : Creating filter chain: Ant [pattern='/api/**'], [org.springframework.security.web.context.request.async.WebAsyncManagerIntegrationFilter@7bdb4d69, org.springframework.security.web.context.SecurityContextPersistenceFilter@5bdb6ea8, org.springframework.security.web.header.HeaderWriterFilter@b340615, org.springframework.security.web.authentication.logout.LogoutFilter@45f95ac0, org.springframework.security.web.authentication.www.BasicAuthenticationFilter@15d0b458, org.springframework.security.web.savedrequest.RequestCacheAwareFilter@44a13699, org.springframework.security.web.servletapi.SecurityContextHolderAwareRequestFilter@4037cdb0, org.springframework.security.web.authentication.AnonymousAuthenticationFilter@129c760d, org.springframework.security.web.session.SessionManagementFilter@4247093b, org.springframework.security.web.access.ExceptionTranslationFilter@7db06c50, org.springframework.security.web.access.intercept.FilterSecurityInterceptor@7b8d6c66]
2020-03-03 00:00:32.789  INFO 31978 --- [main] o.s.s.web.DefaultSecurityFilterChain     : Creating filter chain: any request, [org.springframework.security.web.context.request.async.WebAsyncManagerIntegrationFilter@7cd8831c, org.springframework.security.web.context.SecurityContextPersistenceFilter@22ee7fdc, org.springframework.security.web.header.HeaderWriterFilter@53c40ed6, org.springframework.security.web.csrf.CsrfFilter@2697c156, org.springframework.security.web.authentication.logout.LogoutFilter@234ce7ff, org.springframework.security.web.authentication.UsernamePasswordAuthenticationFilter@323b0632, org.springframework.security.web.savedrequest.RequestCacheAwareFilter@1a88d194, org.springframework.security.web.servletapi.SecurityContextHolderAwareRequestFilter@6949cead, org.springframework.security.web.authentication.AnonymousAuthenticationFilter@146db8a6, org.springframework.security.web.session.SessionManagementFilter@3a6b94b6, org.springframework.security.web.access.ExceptionTranslationFilter@533d7c61, org.springframework.security.web.access.intercept.FilterSecurityInterceptor@6f2a3b37]
2020-03-03 00:00:32.939  INFO 31978 --- [main] o.s.s.concurrent.ThreadPoolTaskExecutor  : Initializing ExecutorService 'applicationTaskExecutor'
2020-03-03 00:00:33.000  INFO 31978 --- [main] o.s.b.a.w.s.WelcomePageHandlerMapping    : Adding welcome page template: index
2020-03-03 00:00:33.165  INFO 31978 --- [main] s.a.ScheduledAnnotationBeanPostProcessor : No TaskScheduler/ScheduledExecutorService bean found for scheduled processing
2020-03-03 00:00:33.186  INFO 31978 --- [main] o.s.b.w.embedded.tomcat.TomcatWebServer  : Tomcat started on port(s): 8080 (http) with context path ''
2020-03-03 00:00:33.189  INFO 31978 --- [main] b.c.j.s.s.SpringSandboxApplicationKt     : Started SpringSandboxApplicationKt in 4.572 seconds (JVM running for 5.112)
2020-03-03 00:00:42.918  INFO 31978 --- [http-nio-8080-exec-1] o.a.c.c.C.[Tomcat].[localhost].[/]       : Initializing Spring DispatcherServlet 'dispatcherServlet'
2020-03-03 00:00:42.918  INFO 31978 --- [http-nio-8080-exec-1] o.s.web.servlet.DispatcherServlet        : Initializing Servlet 'dispatcherServlet'
2020-03-03 00:00:42.924  INFO 31978 --- [http-nio-8080-exec-1] o.s.web.servlet.DispatcherServlet        : Completed initialization in 6 ms
2020-03-03 00:13:42.660  INFO 31978 --- [SpringContextShutdownHook] o.s.s.concurrent.ThreadPoolTaskExecutor  : Shutting down ExecutorService 'applicationTaskExecutor'
2020-03-03 00:13:42.662  INFO 31978 --- [SpringContextShutdownHook] j.LocalContainerEntityManagerFactoryBean : Closing JPA EntityManagerFactory for persistence unit 'default'
2020-03-03 00:13:42.665  INFO 31978 --- [SpringContextShutdownHook] com.zaxxer.hikari.HikariDataSource       : HikariPool-1 - Shutdown initiated...
2020-03-03 00:13:42.706  INFO 31978 --- [SpringContextShutdownHook] com.zaxxer.hikari.HikariDataSource       : HikariPool-1 - Shutdown completed.
2020-03-03 00:13:46.691  INFO 1675 --- [main] b.c.j.s.s.SpringSandboxApplicationKt     : Starting SpringSandboxApplicationKt on jose-PC with PID 1675 (/home/jose/Sandbox/spring/build/classes/kotlin/main started by jose in /home/jose/Sandbox/spring)
2020-03-03 00:13:46.694 DEBUG 1675 --- [main] b.c.j.s.s.SpringSandboxApplicationKt     : Running with Spring Boot v2.2.3.RELEASE, Spring v5.2.3.RELEASE
2020-03-03 00:13:46.695  INFO 1675 --- [main] b.c.j.s.s.SpringSandboxApplicationKt     : No active profile set, falling back to default profiles: default
2020-03-03 00:13:47.535  INFO 1675 --- [main] .s.d.r.c.RepositoryConfigurationDelegate : Bootstrapping Spring Data JPA repositories in DEFAULT mode.
2020-03-03 00:13:47.601  INFO 1675 --- [main] .s.d.r.c.RepositoryConfigurationDelegate : Finished Spring Data repository scanning in 59ms. Found 2 JPA repository interfaces.
2020-03-03 00:13:47.988  INFO 1675 --- [main] trationDelegate$BeanPostProcessorChecker : Bean 'org.springframework.transaction.annotation.ProxyTransactionManagementConfiguration' of type [org.springframework.transaction.annotation.ProxyTransactionManagementConfiguration] is not eligible for getting processed by all BeanPostProcessors (for example: not eligible for auto-proxying)
2020-03-03 00:13:48.203  INFO 1675 --- [main] o.s.b.w.embedded.tomcat.TomcatWebServer  : Tomcat initialized with port(s): 8080 (http)
2020-03-03 00:13:48.212  INFO 1675 --- [main] o.apache.catalina.core.StandardService   : Starting service [Tomcat]
2020-03-03 00:13:48.213  INFO 1675 --- [main] org.apache.catalina.core.StandardEngine  : Starting Servlet engine: [Apache Tomcat/9.0.30]
2020-03-03 00:13:48.287  INFO 1675 --- [main] o.a.c.c.C.[Tomcat].[localhost].[/]       : Initializing Spring embedded WebApplicationContext
2020-03-03 00:13:48.287  INFO 1675 --- [main] o.s.web.context.ContextLoader            : Root WebApplicationContext: initialization completed in 1537 ms
2020-03-03 00:13:48.964  INFO 1675 --- [main] com.zaxxer.hikari.HikariDataSource       : HikariPool-1 - Starting...
2020-03-03 00:13:49.298  INFO 1675 --- [main] com.zaxxer.hikari.HikariDataSource       : HikariPool-1 - Start completed.
2020-03-03 00:13:50.015  INFO 1675 --- [main] j.LocalContainerEntityManagerFactoryBean : Initialized JPA EntityManagerFactory for persistence unit 'default'
2020-03-03 00:13:50.671  WARN 1675 --- [main] JpaBaseConfiguration$JpaWebConfiguration : spring.jpa.open-in-view is enabled by default. Therefore, database queries may be performed during view rendering. Explicitly configure spring.jpa.open-in-view to disable this warning
2020-03-03 00:13:50.787  INFO 1675 --- [main] o.s.s.web.DefaultSecurityFilterChain     : Creating filter chain: Ant [pattern='/api/**'], [org.springframework.security.web.context.request.async.WebAsyncManagerIntegrationFilter@644e6a8e, org.springframework.security.web.context.SecurityContextPersistenceFilter@5981f2c6, org.springframework.security.web.header.HeaderWriterFilter@3bf26810, org.springframework.security.web.authentication.logout.LogoutFilter@3abadb65, org.springframework.security.web.authentication.www.BasicAuthenticationFilter@6516181f, org.springframework.security.web.savedrequest.RequestCacheAwareFilter@45451333, org.springframework.security.web.servletapi.SecurityContextHolderAwareRequestFilter@2b1a1a37, org.springframework.security.web.authentication.AnonymousAuthenticationFilter@2ccecae2, org.springframework.security.web.session.SessionManagementFilter@30a791a6, org.springframework.security.web.access.ExceptionTranslationFilter@2dd08ff1, org.springframework.security.web.access.intercept.FilterSecurityInterceptor@7891cf3]
2020-03-03 00:13:50.799  INFO 1675 --- [main] o.s.s.web.DefaultSecurityFilterChain     : Creating filter chain: any request, [org.springframework.security.web.context.request.async.WebAsyncManagerIntegrationFilter@15d0b458, org.springframework.security.web.context.SecurityContextPersistenceFilter@547052, org.springframework.security.web.header.HeaderWriterFilter@7b5c9412, org.springframework.security.web.csrf.CsrfFilter@2ff8d39b, org.springframework.security.web.authentication.logout.LogoutFilter@5bb39285, org.springframework.security.web.authentication.UsernamePasswordAuthenticationFilter@38caad07, org.springframework.security.web.savedrequest.RequestCacheAwareFilter@3ca3eba2, org.springframework.security.web.servletapi.SecurityContextHolderAwareRequestFilter@23c00420, org.springframework.security.web.authentication.AnonymousAuthenticationFilter@72a0a60d, org.springframework.security.web.session.SessionManagementFilter@69d902f9, org.springframework.security.web.access.ExceptionTranslationFilter@684a802a, org.springframework.security.web.access.intercept.FilterSecurityInterceptor@25765a49]
2020-03-03 00:13:50.958  INFO 1675 --- [main] o.s.s.concurrent.ThreadPoolTaskExecutor  : Initializing ExecutorService 'applicationTaskExecutor'
2020-03-03 00:13:51.018  INFO 1675 --- [main] o.s.b.a.w.s.WelcomePageHandlerMapping    : Adding welcome page template: index
2020-03-03 00:13:51.217  INFO 1675 --- [main] s.a.ScheduledAnnotationBeanPostProcessor : No TaskScheduler/ScheduledExecutorService bean found for scheduled processing
2020-03-03 00:13:51.238  INFO 1675 --- [main] o.s.b.w.embedded.tomcat.TomcatWebServer  : Tomcat started on port(s): 8080 (http) with context path ''
2020-03-03 00:13:51.242  INFO 1675 --- [main] b.c.j.s.s.SpringSandboxApplicationKt     : Started SpringSandboxApplicationKt in 5.057 seconds (JVM running for 5.677)
2020-03-03 00:13:51.494  INFO 1675 --- [http-nio-8080-exec-1] o.a.c.c.C.[Tomcat].[localhost].[/]       : Initializing Spring DispatcherServlet 'dispatcherServlet'
2020-03-03 00:13:51.495  INFO 1675 --- [http-nio-8080-exec-1] o.s.web.servlet.DispatcherServlet        : Initializing Servlet 'dispatcherServlet'
2020-03-03 00:13:51.501  INFO 1675 --- [http-nio-8080-exec-1] o.s.web.servlet.DispatcherServlet        : Completed initialization in 6 ms
2020-03-03 00:17:26.875  INFO 1675 --- [SpringContextShutdownHook] o.s.s.concurrent.ThreadPoolTaskExecutor  : Shutting down ExecutorService 'applicationTaskExecutor'
2020-03-03 00:17:26.878  INFO 1675 --- [SpringContextShutdownHook] j.LocalContainerEntityManagerFactoryBean : Closing JPA EntityManagerFactory for persistence unit 'default'
2020-03-03 00:17:26.884  INFO 1675 --- [SpringContextShutdownHook] com.zaxxer.hikari.HikariDataSource       : HikariPool-1 - Shutdown initiated...
2020-03-03 00:17:26.917  INFO 1675 --- [SpringContextShutdownHook] com.zaxxer.hikari.HikariDataSource       : HikariPool-1 - Shutdown completed.
2020-03-03 00:18:39.881  INFO 1998 --- [main] b.c.j.s.s.SpringSandboxApplicationKt     : Starting SpringSandboxApplicationKt on jose-PC with PID 1998 (/home/jose/Sandbox/spring/build/classes/kotlin/main started by jose in /home/jose/Sandbox/spring)
2020-03-03 00:18:39.884 DEBUG 1998 --- [main] b.c.j.s.s.SpringSandboxApplicationKt     : Running with Spring Boot v2.2.3.RELEASE, Spring v5.2.3.RELEASE
2020-03-03 00:18:39.886  INFO 1998 --- [main] b.c.j.s.s.SpringSandboxApplicationKt     : No active profile set, falling back to default profiles: default
2020-03-03 00:18:40.854  INFO 1998 --- [main] .s.d.r.c.RepositoryConfigurationDelegate : Bootstrapping Spring Data JPA repositories in DEFAULT mode.
2020-03-03 00:18:40.920  INFO 1998 --- [main] .s.d.r.c.RepositoryConfigurationDelegate : Finished Spring Data repository scanning in 59ms. Found 2 JPA repository interfaces.
2020-03-03 00:18:41.351  INFO 1998 --- [main] trationDelegate$BeanPostProcessorChecker : Bean 'org.springframework.transaction.annotation.ProxyTransactionManagementConfiguration' of type [org.springframework.transaction.annotation.ProxyTransactionManagementConfiguration] is not eligible for getting processed by all BeanPostProcessors (for example: not eligible for auto-proxying)
2020-03-03 00:18:41.616  INFO 1998 --- [main] o.s.b.w.embedded.tomcat.TomcatWebServer  : Tomcat initialized with port(s): 8080 (http)
2020-03-03 00:18:41.627  INFO 1998 --- [main] o.apache.catalina.core.StandardService   : Starting service [Tomcat]
2020-03-03 00:18:41.628  INFO 1998 --- [main] org.apache.catalina.core.StandardEngine  : Starting Servlet engine: [Apache Tomcat/9.0.30]
2020-03-03 00:18:41.719  INFO 1998 --- [main] o.a.c.c.C.[Tomcat].[localhost].[/]       : Initializing Spring embedded WebApplicationContext
2020-03-03 00:18:41.720  INFO 1998 --- [main] o.s.web.context.ContextLoader            : Root WebApplicationContext: initialization completed in 1765 ms
2020-03-03 00:18:42.156  INFO 1998 --- [main] com.zaxxer.hikari.HikariDataSource       : HikariPool-1 - Starting...
2020-03-03 00:18:42.378  INFO 1998 --- [main] com.zaxxer.hikari.HikariDataSource       : HikariPool-1 - Start completed.
2020-03-03 00:18:42.911  INFO 1998 --- [main] j.LocalContainerEntityManagerFactoryBean : Initialized JPA EntityManagerFactory for persistence unit 'default'
2020-03-03 00:18:43.514  WARN 1998 --- [main] JpaBaseConfiguration$JpaWebConfiguration : spring.jpa.open-in-view is enabled by default. Therefore, database queries may be performed during view rendering. Explicitly configure spring.jpa.open-in-view to disable this warning
2020-03-03 00:18:43.630  INFO 1998 --- [main] o.s.s.web.DefaultSecurityFilterChain     : Creating filter chain: Ant [pattern='/api/**'], [org.springframework.security.web.context.request.async.WebAsyncManagerIntegrationFilter@3387ab0, org.springframework.security.web.context.SecurityContextPersistenceFilter@749ee0e3, org.springframework.security.web.header.HeaderWriterFilter@52035328, org.springframework.security.web.authentication.logout.LogoutFilter@37ade216, org.springframework.security.web.authentication.www.BasicAuthenticationFilter@fe13916, org.springframework.security.web.savedrequest.RequestCacheAwareFilter@6bfbab1c, org.springframework.security.web.servletapi.SecurityContextHolderAwareRequestFilter@7d47b021, org.springframework.security.web.authentication.AnonymousAuthenticationFilter@470f0637, org.springframework.security.web.session.SessionManagementFilter@54970127, org.springframework.security.web.access.ExceptionTranslationFilter@1aa31454, org.springframework.security.web.access.intercept.FilterSecurityInterceptor@21ce3b22]
2020-03-03 00:18:43.644  INFO 1998 --- [main] o.s.s.web.DefaultSecurityFilterChain     : Creating filter chain: any request, [org.springframework.security.web.context.request.async.WebAsyncManagerIntegrationFilter@42ef5216, org.springframework.security.web.context.SecurityContextPersistenceFilter@2a20da9f, org.springframework.security.web.header.HeaderWriterFilter@7cd8831c, org.springframework.security.web.csrf.CsrfFilter@6f2a3b37, org.springframework.security.web.authentication.logout.LogoutFilter@1f70bce5, org.springframework.security.web.authentication.UsernamePasswordAuthenticationFilter@35d81657, org.springframework.security.web.savedrequest.RequestCacheAwareFilter@40c0437f, org.springframework.security.web.servletapi.SecurityContextHolderAwareRequestFilter@78b8f818, org.springframework.security.web.authentication.AnonymousAuthenticationFilter@3180aee, org.springframework.security.web.session.SessionManagementFilter@146db8a6, org.springframework.security.web.access.ExceptionTranslationFilter@323b0632, org.springframework.security.web.access.intercept.FilterSecurityInterceptor@55317c63]
2020-03-03 00:18:43.796  INFO 1998 --- [main] o.s.s.concurrent.ThreadPoolTaskExecutor  : Initializing ExecutorService 'applicationTaskExecutor'
2020-03-03 00:18:43.862  INFO 1998 --- [main] o.s.b.a.w.s.WelcomePageHandlerMapping    : Adding welcome page template: index
2020-03-03 00:18:44.015  INFO 1998 --- [main] s.a.ScheduledAnnotationBeanPostProcessor : No TaskScheduler/ScheduledExecutorService bean found for scheduled processing
2020-03-03 00:18:44.038  INFO 1998 --- [main] o.s.b.w.embedded.tomcat.TomcatWebServer  : Tomcat started on port(s): 8080 (http) with context path ''
2020-03-03 00:18:44.041  INFO 1998 --- [main] b.c.j.s.s.SpringSandboxApplicationKt     : Started SpringSandboxApplicationKt in 4.742 seconds (JVM running for 5.227)
2020-03-03 00:18:50.527  INFO 1998 --- [http-nio-8080-exec-1] o.a.c.c.C.[Tomcat].[localhost].[/]       : Initializing Spring DispatcherServlet 'dispatcherServlet'
2020-03-03 00:18:50.527  INFO 1998 --- [http-nio-8080-exec-1] o.s.web.servlet.DispatcherServlet        : Initializing Servlet 'dispatcherServlet'
2020-03-03 00:18:50.533  INFO 1998 --- [http-nio-8080-exec-1] o.s.web.servlet.DispatcherServlet        : Completed initialization in 5 ms
2020-03-03 00:27:20.730  INFO 1998 --- [SpringContextShutdownHook] o.s.s.concurrent.ThreadPoolTaskExecutor  : Shutting down ExecutorService 'applicationTaskExecutor'
2020-03-03 00:27:20.732  INFO 1998 --- [SpringContextShutdownHook] j.LocalContainerEntityManagerFactoryBean : Closing JPA EntityManagerFactory for persistence unit 'default'
2020-03-03 00:27:20.734  INFO 1998 --- [SpringContextShutdownHook] com.zaxxer.hikari.HikariDataSource       : HikariPool-1 - Shutdown initiated...
2020-03-03 00:27:20.766  INFO 1998 --- [SpringContextShutdownHook] com.zaxxer.hikari.HikariDataSource       : HikariPool-1 - Shutdown completed.
2020-03-03 00:27:26.006  INFO 2438 --- [main] b.c.j.s.s.SpringSandboxApplicationKt     : Starting SpringSandboxApplicationKt on jose-PC with PID 2438 (/home/jose/Sandbox/spring/build/classes/kotlin/main started by jose in /home/jose/Sandbox/spring)
2020-03-03 00:27:26.010 DEBUG 2438 --- [main] b.c.j.s.s.SpringSandboxApplicationKt     : Running with Spring Boot v2.2.3.RELEASE, Spring v5.2.3.RELEASE
2020-03-03 00:27:26.011  INFO 2438 --- [main] b.c.j.s.s.SpringSandboxApplicationKt     : No active profile set, falling back to default profiles: default
2020-03-03 00:27:27.140  INFO 2438 --- [main] .s.d.r.c.RepositoryConfigurationDelegate : Bootstrapping Spring Data JPA repositories in DEFAULT mode.
2020-03-03 00:27:27.208  INFO 2438 --- [main] .s.d.r.c.RepositoryConfigurationDelegate : Finished Spring Data repository scanning in 60ms. Found 2 JPA repository interfaces.
2020-03-03 00:27:27.596  INFO 2438 --- [main] trationDelegate$BeanPostProcessorChecker : Bean 'org.springframework.transaction.annotation.ProxyTransactionManagementConfiguration' of type [org.springframework.transaction.annotation.ProxyTransactionManagementConfiguration] is not eligible for getting processed by all BeanPostProcessors (for example: not eligible for auto-proxying)
2020-03-03 00:27:27.860  INFO 2438 --- [main] o.s.b.w.embedded.tomcat.TomcatWebServer  : Tomcat initialized with port(s): 8080 (http)
2020-03-03 00:27:27.870  INFO 2438 --- [main] o.apache.catalina.core.StandardService   : Starting service [Tomcat]
2020-03-03 00:27:27.870  INFO 2438 --- [main] org.apache.catalina.core.StandardEngine  : Starting Servlet engine: [Apache Tomcat/9.0.30]
2020-03-03 00:27:27.966  INFO 2438 --- [main] o.a.c.c.C.[Tomcat].[localhost].[/]       : Initializing Spring embedded WebApplicationContext
2020-03-03 00:27:27.967  INFO 2438 --- [main] o.s.web.context.ContextLoader            : Root WebApplicationContext: initialization completed in 1851 ms
2020-03-03 00:27:28.379  INFO 2438 --- [main] com.zaxxer.hikari.HikariDataSource       : HikariPool-1 - Starting...
2020-03-03 00:27:28.648  INFO 2438 --- [main] com.zaxxer.hikari.HikariDataSource       : HikariPool-1 - Start completed.
2020-03-03 00:27:29.296  INFO 2438 --- [main] j.LocalContainerEntityManagerFactoryBean : Initialized JPA EntityManagerFactory for persistence unit 'default'
2020-03-03 00:27:29.986  WARN 2438 --- [main] JpaBaseConfiguration$JpaWebConfiguration : spring.jpa.open-in-view is enabled by default. Therefore, database queries may be performed during view rendering. Explicitly configure spring.jpa.open-in-view to disable this warning
2020-03-03 00:27:30.109  INFO 2438 --- [main] o.s.s.web.DefaultSecurityFilterChain     : Creating filter chain: Ant [pattern='/api/**'], [org.springframework.security.web.context.request.async.WebAsyncManagerIntegrationFilter@48c3a0ef, org.springframework.security.web.context.SecurityContextPersistenceFilter@3cc2e3e, org.springframework.security.web.header.HeaderWriterFilter@3e55eeb9, org.springframework.security.web.authentication.logout.LogoutFilter@1aa31454, org.springframework.security.web.authentication.www.BasicAuthenticationFilter@6fd97fd1, org.springframework.security.web.savedrequest.RequestCacheAwareFilter@4189e668, org.springframework.security.web.servletapi.SecurityContextHolderAwareRequestFilter@7a34505a, org.springframework.security.web.authentication.AnonymousAuthenticationFilter@3b4f1eb, org.springframework.security.web.session.SessionManagementFilter@1253b822, org.springframework.security.web.access.ExceptionTranslationFilter@7074da1d, org.springframework.security.web.access.intercept.FilterSecurityInterceptor@7097d921]
2020-03-03 00:27:30.144  INFO 2438 --- [main] o.s.s.web.DefaultSecurityFilterChain     : Creating filter chain: any request, [org.springframework.security.web.context.request.async.WebAsyncManagerIntegrationFilter@1e9d721, org.springframework.security.web.context.SecurityContextPersistenceFilter@278c998, org.springframework.security.web.header.HeaderWriterFilter@fe13916, org.springframework.security.web.csrf.CsrfFilter@1a88d194, org.springframework.security.web.authentication.logout.LogoutFilter@6b278b17, org.springframework.security.web.authentication.UsernamePasswordAuthenticationFilter@78b8f818, org.springframework.security.web.savedrequest.RequestCacheAwareFilter@25e353dc, org.springframework.security.web.servletapi.SecurityContextHolderAwareRequestFilter@234ce7ff, org.springframework.security.web.authentication.AnonymousAuthenticationFilter@2d3111a1, org.springframework.security.web.session.SessionManagementFilter@5ea0a7a9, org.springframework.security.web.access.ExceptionTranslationFilter@6949cead, org.springframework.security.web.access.intercept.FilterSecurityInterceptor@40c0437f]
2020-03-03 00:27:30.300  INFO 2438 --- [main] o.s.s.concurrent.ThreadPoolTaskExecutor  : Initializing ExecutorService 'applicationTaskExecutor'
2020-03-03 00:27:30.370  INFO 2438 --- [main] o.s.b.a.w.s.WelcomePageHandlerMapping    : Adding welcome page template: index
2020-03-03 00:27:30.567  INFO 2438 --- [main] s.a.ScheduledAnnotationBeanPostProcessor : No TaskScheduler/ScheduledExecutorService bean found for scheduled processing
2020-03-03 00:27:30.590  INFO 2438 --- [main] o.s.b.w.embedded.tomcat.TomcatWebServer  : Tomcat started on port(s): 8080 (http) with context path ''
2020-03-03 00:27:30.595  INFO 2438 --- [main] b.c.j.s.s.SpringSandboxApplicationKt     : Started SpringSandboxApplicationKt in 5.603 seconds (JVM running for 5.97)
2020-03-03 00:27:31.660  INFO 2438 --- [http-nio-8080-exec-1] o.a.c.c.C.[Tomcat].[localhost].[/]       : Initializing Spring DispatcherServlet 'dispatcherServlet'
2020-03-03 00:27:31.661  INFO 2438 --- [http-nio-8080-exec-1] o.s.web.servlet.DispatcherServlet        : Initializing Servlet 'dispatcherServlet'
2020-03-03 00:27:31.669  INFO 2438 --- [http-nio-8080-exec-1] o.s.web.servlet.DispatcherServlet        : Completed initialization in 8 ms
2020-03-03 00:35:27.664  INFO 2438 --- [SpringContextShutdownHook] o.s.s.concurrent.ThreadPoolTaskExecutor  : Shutting down ExecutorService 'applicationTaskExecutor'
2020-03-03 00:35:27.674  INFO 2438 --- [SpringContextShutdownHook] j.LocalContainerEntityManagerFactoryBean : Closing JPA EntityManagerFactory for persistence unit 'default'
2020-03-03 00:35:27.677  INFO 2438 --- [SpringContextShutdownHook] com.zaxxer.hikari.HikariDataSource       : HikariPool-1 - Shutdown initiated...
2020-03-03 00:35:27.725  INFO 2438 --- [SpringContextShutdownHook] com.zaxxer.hikari.HikariDataSource       : HikariPool-1 - Shutdown completed.
2020-03-03 00:37:31.650  INFO 4821 --- [main] b.c.j.s.s.SpringSandboxApplicationKt     : Starting SpringSandboxApplicationKt on jose-PC with PID 4821 (/home/jose/Sandbox/spring/build/classes/kotlin/main started by jose in /home/jose/Sandbox/spring)
2020-03-03 00:37:31.653 DEBUG 4821 --- [main] b.c.j.s.s.SpringSandboxApplicationKt     : Running with Spring Boot v2.2.3.RELEASE, Spring v5.2.3.RELEASE
2020-03-03 00:37:31.654  INFO 4821 --- [main] b.c.j.s.s.SpringSandboxApplicationKt     : No active profile set, falling back to default profiles: default
2020-03-03 00:37:32.478  INFO 4821 --- [main] .s.d.r.c.RepositoryConfigurationDelegate : Bootstrapping Spring Data JPA repositories in DEFAULT mode.
2020-03-03 00:37:32.540  INFO 4821 --- [main] .s.d.r.c.RepositoryConfigurationDelegate : Finished Spring Data repository scanning in 54ms. Found 2 JPA repository interfaces.
2020-03-03 00:37:32.889  INFO 4821 --- [main] trationDelegate$BeanPostProcessorChecker : Bean 'org.springframework.transaction.annotation.ProxyTransactionManagementConfiguration' of type [org.springframework.transaction.annotation.ProxyTransactionManagementConfiguration] is not eligible for getting processed by all BeanPostProcessors (for example: not eligible for auto-proxying)
2020-03-03 00:37:33.119  INFO 4821 --- [main] o.s.b.w.embedded.tomcat.TomcatWebServer  : Tomcat initialized with port(s): 8080 (http)
2020-03-03 00:37:33.131  INFO 4821 --- [main] o.apache.catalina.core.StandardService   : Starting service [Tomcat]
2020-03-03 00:37:33.131  INFO 4821 --- [main] org.apache.catalina.core.StandardEngine  : Starting Servlet engine: [Apache Tomcat/9.0.30]
2020-03-03 00:37:33.231  INFO 4821 --- [main] o.a.c.c.C.[Tomcat].[localhost].[/]       : Initializing Spring embedded WebApplicationContext
2020-03-03 00:37:33.232  INFO 4821 --- [main] o.s.web.context.ContextLoader            : Root WebApplicationContext: initialization completed in 1527 ms
2020-03-03 00:37:33.653  INFO 4821 --- [main] com.zaxxer.hikari.HikariDataSource       : HikariPool-1 - Starting...
2020-03-03 00:37:33.931  INFO 4821 --- [main] com.zaxxer.hikari.HikariDataSource       : HikariPool-1 - Start completed.
2020-03-03 00:37:34.500  INFO 4821 --- [main] j.LocalContainerEntityManagerFactoryBean : Initialized JPA EntityManagerFactory for persistence unit 'default'
2020-03-03 00:37:35.172  WARN 4821 --- [main] JpaBaseConfiguration$JpaWebConfiguration : spring.jpa.open-in-view is enabled by default. Therefore, database queries may be performed during view rendering. Explicitly configure spring.jpa.open-in-view to disable this warning
2020-03-03 00:37:35.355  INFO 4821 --- [main] o.s.s.web.DefaultSecurityFilterChain     : Creating filter chain: Ant [pattern='/api/**'], [org.springframework.security.web.context.request.async.WebAsyncManagerIntegrationFilter@5cc075da, org.springframework.security.web.context.SecurityContextPersistenceFilter@6abd8bcd, org.springframework.security.web.header.HeaderWriterFilter@49639118, org.springframework.security.web.authentication.logout.LogoutFilter@758d4aa9, org.springframework.security.web.authentication.www.BasicAuthenticationFilter@17d19538, org.springframework.security.web.savedrequest.RequestCacheAwareFilter@79424f25, org.springframework.security.web.servletapi.SecurityContextHolderAwareRequestFilter@119f072c, org.springframework.security.web.authentication.AnonymousAuthenticationFilter@4258106, org.springframework.security.web.session.SessionManagementFilter@6942ee48, org.springframework.security.web.access.ExceptionTranslationFilter@719bb60d, org.springframework.security.web.access.intercept.FilterSecurityInterceptor@4eb48298]
2020-03-03 00:37:35.366  INFO 4821 --- [main] o.s.s.web.DefaultSecurityFilterChain     : Creating filter chain: any request, [org.springframework.security.web.context.request.async.WebAsyncManagerIntegrationFilter@6fd97fd1, org.springframework.security.web.context.SecurityContextPersistenceFilter@20723ee, org.springframework.security.web.header.HeaderWriterFilter@22f046b, org.springframework.security.web.csrf.CsrfFilter@3ca3eba2, org.springframework.security.web.authentication.logout.LogoutFilter@1f57666b, org.springframework.security.web.authentication.UsernamePasswordAuthenticationFilter@18be3205, org.springframework.security.web.savedrequest.RequestCacheAwareFilter@21c5c68a, org.springframework.security.web.servletapi.SecurityContextHolderAwareRequestFilter@5bb39285, org.springframework.security.web.authentication.AnonymousAuthenticationFilter@12c78f36, org.springframework.security.web.session.SessionManagementFilter@215a329c, org.springframework.security.web.access.ExceptionTranslationFilter@23c00420, org.springframework.security.web.access.intercept.FilterSecurityInterceptor@85c3522]
2020-03-03 00:37:35.527  INFO 4821 --- [main] o.s.s.concurrent.ThreadPoolTaskExecutor  : Initializing ExecutorService 'applicationTaskExecutor'
2020-03-03 00:37:35.588  INFO 4821 --- [main] o.s.b.a.w.s.WelcomePageHandlerMapping    : Adding welcome page template: index
2020-03-03 00:37:35.746  INFO 4821 --- [main] s.a.ScheduledAnnotationBeanPostProcessor : No TaskScheduler/ScheduledExecutorService bean found for scheduled processing
2020-03-03 00:37:35.769  INFO 4821 --- [main] o.s.b.w.embedded.tomcat.TomcatWebServer  : Tomcat started on port(s): 8080 (http) with context path ''
2020-03-03 00:37:35.772  INFO 4821 --- [main] b.c.j.s.s.SpringSandboxApplicationKt     : Started SpringSandboxApplicationKt in 4.595 seconds (JVM running for 5.061)
2020-03-03 00:37:41.738  INFO 4821 --- [http-nio-8080-exec-1] o.a.c.c.C.[Tomcat].[localhost].[/]       : Initializing Spring DispatcherServlet 'dispatcherServlet'
2020-03-03 00:37:41.739  INFO 4821 --- [http-nio-8080-exec-1] o.s.web.servlet.DispatcherServlet        : Initializing Servlet 'dispatcherServlet'
2020-03-03 00:37:41.749  INFO 4821 --- [http-nio-8080-exec-1] o.s.web.servlet.DispatcherServlet        : Completed initialization in 9 ms
2020-03-03 00:37:53.418  INFO 4821 --- [SpringContextShutdownHook] o.s.s.concurrent.ThreadPoolTaskExecutor  : Shutting down ExecutorService 'applicationTaskExecutor'
2020-03-03 00:37:53.421  INFO 4821 --- [SpringContextShutdownHook] j.LocalContainerEntityManagerFactoryBean : Closing JPA EntityManagerFactory for persistence unit 'default'
2020-03-03 00:37:53.425  INFO 4821 --- [SpringContextShutdownHook] com.zaxxer.hikari.HikariDataSource       : HikariPool-1 - Shutdown initiated...
2020-03-03 00:37:53.454  INFO 4821 --- [SpringContextShutdownHook] com.zaxxer.hikari.HikariDataSource       : HikariPool-1 - Shutdown completed.
2020-03-03 00:37:57.158  INFO 4958 --- [main] b.c.j.s.s.SpringSandboxApplicationKt     : Starting SpringSandboxApplicationKt on jose-PC with PID 4958 (/home/jose/Sandbox/spring/build/classes/kotlin/main started by jose in /home/jose/Sandbox/spring)
2020-03-03 00:37:57.160 DEBUG 4958 --- [main] b.c.j.s.s.SpringSandboxApplicationKt     : Running with Spring Boot v2.2.3.RELEASE, Spring v5.2.3.RELEASE
2020-03-03 00:37:57.161  INFO 4958 --- [main] b.c.j.s.s.SpringSandboxApplicationKt     : No active profile set, falling back to default profiles: default
2020-03-03 00:37:58.043  INFO 4958 --- [main] .s.d.r.c.RepositoryConfigurationDelegate : Bootstrapping Spring Data JPA repositories in DEFAULT mode.
2020-03-03 00:37:58.115  INFO 4958 --- [main] .s.d.r.c.RepositoryConfigurationDelegate : Finished Spring Data repository scanning in 64ms. Found 2 JPA repository interfaces.
2020-03-03 00:37:58.441  INFO 4958 --- [main] trationDelegate$BeanPostProcessorChecker : Bean 'org.springframework.transaction.annotation.ProxyTransactionManagementConfiguration' of type [org.springframework.transaction.annotation.ProxyTransactionManagementConfiguration] is not eligible for getting processed by all BeanPostProcessors (for example: not eligible for auto-proxying)
2020-03-03 00:37:58.774  INFO 4958 --- [main] o.s.b.w.embedded.tomcat.TomcatWebServer  : Tomcat initialized with port(s): 8080 (http)
2020-03-03 00:37:58.797  INFO 4958 --- [main] o.apache.catalina.core.StandardService   : Starting service [Tomcat]
2020-03-03 00:37:58.798  INFO 4958 --- [main] org.apache.catalina.core.StandardEngine  : Starting Servlet engine: [Apache Tomcat/9.0.30]
2020-03-03 00:37:58.935  INFO 4958 --- [main] o.a.c.c.C.[Tomcat].[localhost].[/]       : Initializing Spring embedded WebApplicationContext
2020-03-03 00:37:58.936  INFO 4958 --- [main] o.s.web.context.ContextLoader            : Root WebApplicationContext: initialization completed in 1716 ms
2020-03-03 00:37:59.524  INFO 4958 --- [main] com.zaxxer.hikari.HikariDataSource       : HikariPool-1 - Starting...
2020-03-03 00:37:59.840  INFO 4958 --- [main] com.zaxxer.hikari.HikariDataSource       : HikariPool-1 - Start completed.
2020-03-03 00:38:00.501  INFO 4958 --- [main] j.LocalContainerEntityManagerFactoryBean : Initialized JPA EntityManagerFactory for persistence unit 'default'
2020-03-03 00:38:01.227  WARN 4958 --- [main] JpaBaseConfiguration$JpaWebConfiguration : spring.jpa.open-in-view is enabled by default. Therefore, database queries may be performed during view rendering. Explicitly configure spring.jpa.open-in-view to disable this warning
2020-03-03 00:38:01.358  INFO 4958 --- [main] o.s.s.web.DefaultSecurityFilterChain     : Creating filter chain: Ant [pattern='/api/**'], [org.springframework.security.web.context.request.async.WebAsyncManagerIntegrationFilter@51172948, org.springframework.security.web.context.SecurityContextPersistenceFilter@17d19538, org.springframework.security.web.header.HeaderWriterFilter@40cb95c1, org.springframework.security.web.authentication.logout.LogoutFilter@684a802a, org.springframework.security.web.authentication.www.BasicAuthenticationFilter@ba86c53, org.springframework.security.web.savedrequest.RequestCacheAwareFilter@644e6a8e, org.springframework.security.web.servletapi.SecurityContextHolderAwareRequestFilter@c7673ae, org.springframework.security.web.authentication.AnonymousAuthenticationFilter@6f2a3b37, org.springframework.security.web.session.SessionManagementFilter@5e2b512b, org.springframework.security.web.access.ExceptionTranslationFilter@7d47b021, org.springframework.security.web.access.intercept.FilterSecurityInterceptor@3cfab340]
2020-03-03 00:38:01.371  INFO 4958 --- [main] o.s.s.web.DefaultSecurityFilterChain     : Creating filter chain: any request, [org.springframework.security.web.context.request.async.WebAsyncManagerIntegrationFilter@60fbc34d, org.springframework.security.web.context.SecurityContextPersistenceFilter@5cba890e, org.springframework.security.web.header.HeaderWriterFilter@c2f7c63, org.springframework.security.web.csrf.CsrfFilter@bb21063, org.springframework.security.web.authentication.logout.LogoutFilter@28a3fc34, org.springframework.security.web.authentication.UsernamePasswordAuthenticationFilter@2f39b534, org.springframework.security.web.savedrequest.RequestCacheAwareFilter@3a4cb483, org.springframework.security.web.servletapi.SecurityContextHolderAwareRequestFilter@4d770bcd, org.springframework.security.web.authentication.AnonymousAuthenticationFilter@7736c41e, org.springframework.security.web.session.SessionManagementFilter@4790b897, org.springframework.security.web.access.ExceptionTranslationFilter@6821c63c, org.springframework.security.web.access.intercept.FilterSecurityInterceptor@57cff804]
2020-03-03 00:38:01.531  INFO 4958 --- [main] o.s.s.concurrent.ThreadPoolTaskExecutor  : Initializing ExecutorService 'applicationTaskExecutor'
2020-03-03 00:38:01.616  INFO 4958 --- [main] o.s.b.a.w.s.WelcomePageHandlerMapping    : Adding welcome page template: index
2020-03-03 00:38:01.814  INFO 4958 --- [main] s.a.ScheduledAnnotationBeanPostProcessor : No TaskScheduler/ScheduledExecutorService bean found for scheduled processing
2020-03-03 00:38:01.843  INFO 4958 --- [main] o.s.b.w.embedded.tomcat.TomcatWebServer  : Tomcat started on port(s): 8080 (http) with context path ''
2020-03-03 00:38:01.848  INFO 4958 --- [main] b.c.j.s.s.SpringSandboxApplicationKt     : Started SpringSandboxApplicationKt in 5.311 seconds (JVM running for 5.894)
2020-03-03 00:38:03.188  INFO 4958 --- [http-nio-8080-exec-1] o.a.c.c.C.[Tomcat].[localhost].[/]       : Initializing Spring DispatcherServlet 'dispatcherServlet'
2020-03-03 00:38:03.189  INFO 4958 --- [http-nio-8080-exec-1] o.s.web.servlet.DispatcherServlet        : Initializing Servlet 'dispatcherServlet'
2020-03-03 00:38:03.200  INFO 4958 --- [http-nio-8080-exec-1] o.s.web.servlet.DispatcherServlet        : Completed initialization in 10 ms
2020-03-03 00:44:04.521  INFO 4958 --- [SpringContextShutdownHook] o.s.s.concurrent.ThreadPoolTaskExecutor  : Shutting down ExecutorService 'applicationTaskExecutor'
2020-03-03 00:44:04.523  INFO 4958 --- [SpringContextShutdownHook] j.LocalContainerEntityManagerFactoryBean : Closing JPA EntityManagerFactory for persistence unit 'default'
2020-03-03 00:44:04.529  INFO 4958 --- [SpringContextShutdownHook] com.zaxxer.hikari.HikariDataSource       : HikariPool-1 - Shutdown initiated...
2020-03-03 00:44:04.574  INFO 4958 --- [SpringContextShutdownHook] com.zaxxer.hikari.HikariDataSource       : HikariPool-1 - Shutdown completed.
